1488879628458	geckodriver	INFO	Listening on 127.0.0.1:10394
1488879629042	mozprofile::profile	INFO	Using profile path C:\Users\User\AppData\Local\Temp\rust_mozprofile.Zh7x7RByVaLX
1488879629046	geckodriver::marionette	INFO	Starting browser D:\Program Files\Mozilla Firefox\firefox.exe
1488879629051	geckodriver::marionette	INFO	Connecting to Marionette on localhost:10398
1488879630103	Marionette	INFO	Listening on port 10398
1488879916144	geckodriver	INFO	Listening on 127.0.0.1:10530
1488879916730	mozprofile::profile	INFO	Using profile path C:\Users\User\AppData\Local\Temp\rust_mozprofile.DGHgZN2TM0t8
1488879916736	geckodriver::marionette	INFO	Starting browser D:\Program Files\Mozilla Firefox\firefox.exe
1488879916741	geckodriver::marionette	INFO	Connecting to Marionette on localhost:10534
1488879917865	Marionette	INFO	Listening on port 10534
1488882653240	geckodriver	INFO	Listening on 127.0.0.1:11500
1488882653803	mozprofile::profile	INFO	Using profile path C:\Users\User\AppData\Local\Temp\rust_mozprofile.wz8FD4TucxHG
1488882653808	geckodriver::marionette	INFO	Starting browser D:\Program Files\Mozilla Firefox\firefox.exe
1488882653812	geckodriver::marionette	INFO	Connecting to Marionette on localhost:11504
1488882654857	Marionette	INFO	Listening on port 11504
1488885476011	geckodriver	INFO	Listening on 127.0.0.1:14099
1488885476601	mozprofile::profile	INFO	Using profile path C:\Users\User\AppData\Local\Temp\rust_mozprofile.uf34WmIeWOXL
1488885476605	geckodriver::marionette	INFO	Starting browser D:\Program Files\Mozilla Firefox\firefox.exe
1488885476609	geckodriver::marionette	INFO	Connecting to Marionette on localhost:14103
1488885477632	Marionette	INFO	Listening on port 14103
1488885567615	geckodriver	INFO	Listening on 127.0.0.1:14191
1488885568193	mozprofile::profile	INFO	Using profile path C:\Users\User\AppData\Local\Temp\rust_mozprofile.g0YXxq2srBNz
1488885568197	geckodriver::marionette	INFO	Starting browser D:\Program Files\Mozilla Firefox\firefox.exe
1488885568201	geckodriver::marionette	INFO	Connecting to Marionette on localhost:14195
1488885568826	Marionette	INFO	Listening on port 14195
1488887167602	geckodriver	INFO	Listening on 127.0.0.1:16288
1488887168178	mozprofile::profile	INFO	Using profile path C:\Users\User\AppData\Local\Temp\rust_mozprofile.b47KySJGzZUO
1488887168182	geckodriver::marionette	INFO	Starting browser D:\Program Files\Mozilla Firefox\firefox.exe
1488887168186	geckodriver::marionette	INFO	Connecting to Marionette on localhost:16292
1488887169174	Marionette	INFO	Listening on port 16292
1489089532004	geckodriver	INFO	Listening on 127.0.0.1:38613
1489089532072	mozprofile::profile	INFO	Using profile path C:\Users\User\AppData\Local\Temp\rust_mozprofile.t9BIyBZq9ngd
1489089532077	geckodriver::marionette	INFO	Starting browser D:\Program Files\Mozilla Firefox\firefox.exe
1489089532080	geckodriver::marionette	INFO	Connecting to Marionette on localhost:38617
1489089532725	Marionette	INFO	Listening on port 38617
1489089574675	geckodriver	INFO	Listening on 127.0.0.1:38630
1489089574740	mozprofile::profile	INFO	Using profile path C:\Users\User\AppData\Local\Temp\rust_mozprofile.Mz0Uu84tEXZv
1489089574745	geckodriver::marionette	INFO	Starting browser D:\Program Files\Mozilla Firefox\firefox.exe
1489089574749	geckodriver::marionette	INFO	Connecting to Marionette on localhost:38634
1489089575342	Marionette	INFO	Listening on port 38634
1489089626789	geckodriver	INFO	Listening on 127.0.0.1:38726
1489089626852	mozprofile::profile	INFO	Using profile path C:\Users\User\AppData\Local\Temp\rust_mozprofile.77QJsjtvORo3
1489089626855	geckodriver::marionette	INFO	Starting browser D:\Program Files\Mozilla Firefox\firefox.exe
1489089626859	geckodriver::marionette	INFO	Connecting to Marionette on localhost:38730
1489089627442	Marionette	INFO	Listening on port 38730
1489089654313	geckodriver	INFO	Listening on 127.0.0.1:38835
1489089654388	mozprofile::profile	INFO	Using profile path C:\Users\User\AppData\Local\Temp\rust_mozprofile.M235F0ygs1La
1489089654393	geckodriver::marionette	INFO	Starting browser D:\Program Files\Mozilla Firefox\firefox.exe
1489089654397	geckodriver::marionette	INFO	Connecting to Marionette on localhost:38839
1489089654982	Marionette	INFO	Listening on port 38839
JavaScript error: chrome://marionette/content/listener.js, line 999: NS_ERROR_FAILURE: Component returned failure code: 0x80004005 (NS_ERROR_FAILURE) [nsIWebProgress.removeProgressListener]
JavaScript warning: https://www.restaurantsupply.com/pub/static/_cache/merged/142f8ed84c680239ab7f01449879de4b.min.js, line 2: unreachable code after return statement
JavaScript warning: https://www.restaurantsupply.com/pub/static/_cache/merged/142f8ed84c680239ab7f01449879de4b.min.js line 170 > Function, line 2: unreachable code after return statement
JavaScript error: https://www.restaurantsupply.com/pub/static/_cache/merged/142f8ed84c680239ab7f01449879de4b.min.js line 170 > Function, line 1: Error: [object Object]
JavaScript error: https://www.restaurantsupply.com/pub/static/_cache/merged/142f8ed84c680239ab7f01449879de4b.min.js line 170 > Function, line 1: SyntaxError: JSON.parse: unexpected end of data at line 1 column 1 of the JSON data
1489157915511	geckodriver	INFO	Listening on 127.0.0.1:37125
1489157916096	mozprofile::profile	INFO	Using profile path C:\Users\User\AppData\Local\Temp\rust_mozprofile.xmcuE930VM4z
1489157916100	geckodriver::marionette	INFO	Starting browser D:\Program Files\Mozilla Firefox\firefox.exe
1489157916105	geckodriver::marionette	INFO	Connecting to Marionette on localhost:37129
1489157917087	Marionette	INFO	Listening on port 37129
1489158266371	geckodriver	INFO	Listening on 127.0.0.1:37310
1489158266435	mozprofile::profile	INFO	Using profile path C:\Users\User\AppData\Local\Temp\rust_mozprofile.oYeTP3ca4p06
1489158266440	geckodriver::marionette	INFO	Starting browser D:\Program Files\Mozilla Firefox\firefox.exe
1489158266444	geckodriver::marionette	INFO	Connecting to Marionette on localhost:37314
1489158267054	Marionette	INFO	Listening on port 37314
JavaScript warning: https://www.restaurantsupply.com/pub/static/_cache/merged/142f8ed84c680239ab7f01449879de4b.min.js, line 2: unreachable code after return statement
JavaScript warning: https://www.restaurantsupply.com/pub/static/_cache/merged/142f8ed84c680239ab7f01449879de4b.min.js line 170 > Function, line 2: unreachable code after return statement
1489158307227	geckodriver	INFO	Listening on 127.0.0.1:37434
1489158307289	mozprofile::profile	INFO	Using profile path C:\Users\User\AppData\Local\Temp\rust_mozprofile.t2I6ifvTV1Q4
1489158307293	geckodriver::marionette	INFO	Starting browser D:\Program Files\Mozilla Firefox\firefox.exe
1489158307297	geckodriver::marionette	INFO	Connecting to Marionette on localhost:37438
1489158307887	Marionette	INFO	Listening on port 37438
JavaScript warning: https://www.restaurantsupply.com/pub/static/_cache/merged/142f8ed84c680239ab7f01449879de4b.min.js, line 2: unreachable code after return statement
JavaScript warning: https://www.restaurantsupply.com/pub/static/_cache/merged/142f8ed84c680239ab7f01449879de4b.min.js line 170 > Function, line 2: unreachable code after return statement
1489158415875	geckodriver	INFO	Listening on 127.0.0.1:37604
1489158415943	mozprofile::profile	INFO	Using profile path C:\Users\User\AppData\Local\Temp\rust_mozprofile.2u3agl4sIC5I
1489158415947	geckodriver::marionette	INFO	Starting browser D:\Program Files\Mozilla Firefox\firefox.exe
1489158415951	geckodriver::marionette	INFO	Connecting to Marionette on localhost:37608
1489158416544	Marionette	INFO	Listening on port 37608
JavaScript warning: https://www.restaurantsupply.com/pub/static/_cache/merged/142f8ed84c680239ab7f01449879de4b.min.js, line 2: unreachable code after return statement
JavaScript warning: https://www.restaurantsupply.com/pub/static/_cache/merged/142f8ed84c680239ab7f01449879de4b.min.js line 170 > Function, line 2: unreachable code after return statement
*************************
A coding exception was thrown and uncaught in a Task.

Full message: TypeError: this.browserForTab is undefined
Full stack: hasRemotenessChange@chrome://marionette/content/browser.js:233:9
executeWhenReady@chrome://marionette/content/browser.js:264:9
GeckoDriver.prototype.sendAsync@chrome://marionette/content/driver.js:218:5
send/<@chrome://marionette/content/proxy.js:138:7
send@chrome://marionette/content/proxy.js:105:12
ownPriorityGetterTrap.get/<@chrome://marionette/content/proxy.js:24:25
GeckoDriver.prototype.findElement@chrome://marionette/content/driver.js:1691:31
TaskImpl_run@resource://gre/modules/Task.jsm:319:40
TaskImpl@resource://gre/modules/Task.jsm:280:3
createAsyncFunction/asyncFunction@resource://gre/modules/Task.jsm:254:14
Task_spawn@resource://gre/modules/Task.jsm:168:12
TaskImpl_handleResultValue@resource://gre/modules/Task.jsm:388:16
TaskImpl_run@resource://gre/modules/Task.jsm:327:13
TaskImpl@resource://gre/modules/Task.jsm:280:3
createAsyncFunction/asyncFunction@resource://gre/modules/Task.jsm:254:14
Task_spawn@resource://gre/modules/Task.jsm:168:12
Dispatcher.prototype.execute@chrome://marionette/content/dispatcher.js:117:13
Dispatcher.prototype.onPacket@chrome://marionette/content/dispatcher.js:88:5
DebuggerTransport.prototype._onJSONObjectReady/<@chrome://marionette/content/server.js -> resource://devtools/shared/transport/transport.js:482:11
exports.makeInfallible/<@resource://gre/modules/commonjs/toolkit/loader.js -> resource://devtools/shared/ThreadSafeDevToolsUtils.js:101:14
exports.makeInfallible/<@resource://gre/modules/commonjs/toolkit/loader.js -> resource://devtools/shared/ThreadSafeDevToolsUtils.js:101:14

*************************
*************************
A coding exception was thrown and uncaught in a Task.

Full message: TypeError: this.browserForTab is undefined
Full stack: hasRemotenessChange@chrome://marionette/content/browser.js:233:9
executeWhenReady@chrome://marionette/content/browser.js:264:9
GeckoDriver.prototype.sendAsync@chrome://marionette/content/driver.js:218:5
send/<@chrome://marionette/content/proxy.js:138:7
send@chrome://marionette/content/proxy.js:105:12
ownPriorityGetterTrap.get/<@chrome://marionette/content/proxy.js:24:25
GeckoDriver.prototype.findElement@chrome://marionette/content/driver.js:1691:31
TaskImpl_run@resource://gre/modules/Task.jsm:319:40
TaskImpl@resource://gre/modules/Task.jsm:280:3
createAsyncFunction/asyncFunction@resource://gre/modules/Task.jsm:254:14
Task_spawn@resource://gre/modules/Task.jsm:168:12
TaskImpl_handleResultValue@resource://gre/modules/Task.jsm:388:16
TaskImpl_run@resource://gre/modules/Task.jsm:327:13
TaskImpl@resource://gre/modules/Task.jsm:280:3
createAsyncFunction/asyncFunction@resource://gre/modules/Task.jsm:254:14
Task_spawn@resource://gre/modules/Task.jsm:168:12
Dispatcher.prototype.execute@chrome://marionette/content/dispatcher.js:117:13
Dispatcher.prototype.onPacket@chrome://marionette/content/dispatcher.js:88:5
DebuggerTransport.prototype._onJSONObjectReady/<@chrome://marionette/content/server.js -> resource://devtools/shared/transport/transport.js:482:11
exports.makeInfallible/<@resource://gre/modules/commonjs/toolkit/loader.js -> resource://devtools/shared/ThreadSafeDevToolsUtils.js:101:14
exports.makeInfallible/<@resource://gre/modules/commonjs/toolkit/loader.js -> resource://devtools/shared/ThreadSafeDevToolsUtils.js:101:14

*************************
*************************
A coding exception was thrown in a Promise rejection callback.
See https://developer.mozilla.org/Mozilla/JavaScript_code_modules/Promise.jsm/Promise

Full message: TypeError: this.browserForTab is undefined
Full stack: hasRemotenessChange@chrome://marionette/content/browser.js:233:9
executeWhenReady@chrome://marionette/content/browser.js:264:9
GeckoDriver.prototype.sendAsync@chrome://marionette/content/driver.js:218:5
send/<@chrome://marionette/content/proxy.js:138:7
send@chrome://marionette/content/proxy.js:105:12
ownPriorityGetterTrap.get/<@chrome://marionette/content/proxy.js:24:25
GeckoDriver.prototype.findElement@chrome://marionette/content/driver.js:1691:31
TaskImpl_run@resource://gre/modules/Task.jsm:319:40
TaskImpl@resource://gre/modules/Task.jsm:280:3
createAsyncFunction/asyncFunction@resource://gre/modules/Task.jsm:254:14
Task_spawn@resource://gre/modules/Task.jsm:168:12
TaskImpl_handleResultValue@resource://gre/modules/Task.jsm:388:16
TaskImpl_run@resource://gre/modules/Task.jsm:327:13
TaskImpl@resource://gre/modules/Task.jsm:280:3
createAsyncFunction/asyncFunction@resource://gre/modules/Task.jsm:254:14
Task_spawn@resource://gre/modules/Task.jsm:168:12
Dispatcher.prototype.execute@chrome://marionette/content/dispatcher.js:117:13
Dispatcher.prototype.onPacket@chrome://marionette/content/dispatcher.js:88:5
DebuggerTransport.prototype._onJSONObjectReady/<@chrome://marionette/content/server.js -> resource://devtools/shared/transport/transport.js:482:11
exports.makeInfallible/<@resource://gre/modules/commonjs/toolkit/loader.js -> resource://devtools/shared/ThreadSafeDevToolsUtils.js:101:14
exports.makeInfallible/<@resource://gre/modules/commonjs/toolkit/loader.js -> resource://devtools/shared/ThreadSafeDevToolsUtils.js:101:14

*************************
Marionette threw an error: TypeError: this.browserForTab is undefined
hasRemotenessChange@chrome://marionette/content/browser.js:233:9
executeWhenReady@chrome://marionette/content/browser.js:264:9
GeckoDriver.prototype.sendAsync@chrome://marionette/content/driver.js:218:5
send/<@chrome://marionette/content/proxy.js:138:7
send@chrome://marionette/content/proxy.js:105:12
ownPriorityGetterTrap.get/<@chrome://marionette/content/proxy.js:24:25
GeckoDriver.prototype.findElement@chrome://marionette/content/driver.js:1691:31
TaskImpl_run@resource://gre/modules/Task.jsm:319:40
TaskImpl@resource://gre/modules/Task.jsm:280:3
createAsyncFunction/asyncFunction@resource://gre/modules/Task.jsm:254:14
Task_spawn@resource://gre/modules/Task.jsm:168:12
TaskImpl_handleResultValue@resource://gre/modules/Task.jsm:388:16
TaskImpl_run@resource://gre/modules/Task.jsm:327:13
TaskImpl@resource://gre/modules/Task.jsm:280:3
createAsyncFunction/asyncFunction@resource://gre/modules/Task.jsm:254:14
Task_spawn@resource://gre/modules/Task.jsm:168:12
Dispatcher.prototype.execute@chrome://marionette/content/dispatcher.js:117:13
Dispatcher.prototype.onPacket@chrome://marionette/content/dispatcher.js:88:5
DebuggerTransport.prototype._onJSONObjectReady/<@chrome://marionette/content/server.js -> resource://devtools/shared/transport/transport.js:482:11
exports.makeInfallible/<@resource://gre/modules/commonjs/toolkit/loader.js -> resource://devtools/shared/ThreadSafeDevToolsUtils.js:101:14
exports.makeInfallible/<@resource://gre/modules/commonjs/toolkit/loader.js -> resource://devtools/shared/ThreadSafeDevToolsUtils.js:101:14

1489158519795	geckodriver	INFO	Listening on 127.0.0.1:37797
1489158519860	mozprofile::profile	INFO	Using profile path C:\Users\User\AppData\Local\Temp\rust_mozprofile.qcHGC1ikCSuU
1489158519864	geckodriver::marionette	INFO	Starting browser D:\Program Files\Mozilla Firefox\firefox.exe
1489158519869	geckodriver::marionette	INFO	Connecting to Marionette on localhost:37801
1489158520560	Marionette	INFO	Listening on port 37801
JavaScript warning: https://www.restaurantsupply.com/pub/static/_cache/merged/142f8ed84c680239ab7f01449879de4b.min.js, line 2: unreachable code after return statement
JavaScript warning: https://www.restaurantsupply.com/pub/static/_cache/merged/142f8ed84c680239ab7f01449879de4b.min.js line 170 > Function, line 2: unreachable code after return statement
1489158656233	geckodriver	INFO	Listening on 127.0.0.1:38105
1489158656310	mozprofile::profile	INFO	Using profile path C:\Users\User\AppData\Local\Temp\rust_mozprofile.i6PFQjqP4hOo
1489158656315	geckodriver::marionette	INFO	Starting browser D:\Program Files\Mozilla Firefox\firefox.exe
1489158656319	geckodriver::marionette	INFO	Connecting to Marionette on localhost:38109
1489158656917	Marionette	INFO	Listening on port 38109
JavaScript warning: https://www.restaurantsupply.com/pub/static/_cache/merged/142f8ed84c680239ab7f01449879de4b.min.js, line 2: unreachable code after return statement
JavaScript warning: https://www.restaurantsupply.com/pub/static/_cache/merged/142f8ed84c680239ab7f01449879de4b.min.js line 170 > Function, line 2: unreachable code after return statement
1489158867306	geckodriver	INFO	Listening on 127.0.0.1:38770
1489158867371	mozprofile::profile	INFO	Using profile path C:\Users\User\AppData\Local\Temp\rust_mozprofile.YH6UCmbzI73v
1489158867375	geckodriver::marionette	INFO	Starting browser D:\Program Files\Mozilla Firefox\firefox.exe
1489158867379	geckodriver::marionette	INFO	Connecting to Marionette on localhost:38774
1489158867975	Marionette	INFO	Listening on port 38774
JavaScript warning: https://www.restaurantsupply.com/pub/static/_cache/merged/142f8ed84c680239ab7f01449879de4b.min.js, line 2: unreachable code after return statement
JavaScript warning: https://www.restaurantsupply.com/pub/static/_cache/merged/142f8ed84c680239ab7f01449879de4b.min.js line 170 > Function, line 2: unreachable code after return statement
JavaScript error: https://www.restaurantsupply.com/pub/static/_cache/merged/142f8ed84c680239ab7f01449879de4b.min.js line 170 > Function, line 1: SyntaxError: JSON.parse: unexpected end of data at line 1 column 1 of the JSON data
JavaScript error: https://www.restaurantsupply.com/pub/static/_cache/merged/142f8ed84c680239ab7f01449879de4b.min.js line 170 > Function, line 1: SyntaxError: JSON.parse: unexpected end of data at line 1 column 1 of the JSON data
1489158923471	geckodriver	INFO	Listening on 127.0.0.1:38916
1489158923549	mozprofile::profile	INFO	Using profile path C:\Users\User\AppData\Local\Temp\rust_mozprofile.uIKKl72NdGeQ
1489158923552	geckodriver::marionette	INFO	Starting browser D:\Program Files\Mozilla Firefox\firefox.exe
1489158923557	geckodriver::marionette	INFO	Connecting to Marionette on localhost:38920
1489158924147	Marionette	INFO	Listening on port 38920
JavaScript warning: https://www.restaurantsupply.com/pub/static/_cache/merged/142f8ed84c680239ab7f01449879de4b.min.js, line 2: unreachable code after return statement
JavaScript warning: https://www.restaurantsupply.com/pub/static/_cache/merged/142f8ed84c680239ab7f01449879de4b.min.js line 170 > Function, line 2: unreachable code after return statement
JavaScript error: https://www.restaurantsupply.com/pub/static/_cache/merged/142f8ed84c680239ab7f01449879de4b.min.js line 170 > Function, line 1: SyntaxError: JSON.parse: unexpected end of data at line 1 column 1 of the JSON data
JavaScript error: https://www.restaurantsupply.com/pub/static/_cache/merged/142f8ed84c680239ab7f01449879de4b.min.js line 170 > Function, line 1: SyntaxError: JSON.parse: unexpected end of data at line 1 column 1 of the JSON data
1489573344988	geckodriver	INFO	Listening on 127.0.0.1:14790
1489573345057	mozprofile::profile	INFO	Using profile path C:\Users\User\AppData\Local\Temp\rust_mozprofile.JTHDkCaeKgJ0
1489573345061	geckodriver::marionette	INFO	Starting browser D:\Program Files\Mozilla Firefox\firefox.exe
1489573345065	geckodriver::marionette	INFO	Connecting to Marionette on localhost:14794
1489573345670	Marionette	INFO	Listening on port 14794
JavaScript warning: https://www.restaurantsupply.com/pub/static/_cache/merged/142f8ed84c680239ab7f01449879de4b.min.js, line 2: unreachable code after return statement
JavaScript warning: https://www.restaurantsupply.com/pub/static/_cache/merged/142f8ed84c680239ab7f01449879de4b.min.js line 170 > Function, line 2: unreachable code after return statement
JavaScript warning: https://www.restaurantsupply.com/pub/static/_cache/merged/142f8ed84c680239ab7f01449879de4b.min.js, line 2: unreachable code after return statement
JavaScript warning: https://www.restaurantsupply.com/pub/static/_cache/merged/142f8ed84c680239ab7f01449879de4b.min.js line 170 > Function, line 2: unreachable code after return statement
1489573574137	geckodriver	INFO	Listening on 127.0.0.1:15527
1489573574211	mozprofile::profile	INFO	Using profile path C:\Users\User\AppData\Local\Temp\rust_mozprofile.CvtAuhSaimRj
1489573574216	geckodriver::marionette	INFO	Starting browser D:\Program Files\Mozilla Firefox\firefox.exe
1489573574220	geckodriver::marionette	INFO	Connecting to Marionette on localhost:15531
1489573575252	Marionette	INFO	Listening on port 15531
1489573617781	geckodriver	INFO	Listening on 127.0.0.1:15629
1489573617866	mozprofile::profile	INFO	Using profile path C:\Users\User\AppData\Local\Temp\rust_mozprofile.UbFYnLAGAqgr
1489573617870	geckodriver::marionette	INFO	Starting browser D:\Program Files\Mozilla Firefox\firefox.exe
1489573617874	geckodriver::marionette	INFO	Connecting to Marionette on localhost:15633
1489573618448	Marionette	INFO	Listening on port 15633
JavaScript warning: https://www.restaurantsupply.com/pub/static/_cache/merged/142f8ed84c680239ab7f01449879de4b.min.js, line 2: unreachable code after return statement
JavaScript warning: https://www.restaurantsupply.com/pub/static/_cache/merged/142f8ed84c680239ab7f01449879de4b.min.js line 170 > Function, line 2: unreachable code after return statement
